[2024-07-04 12:55:46] [INFO] [get_data_yaml.py]/[line: 11]/[get_data_yaml] 获取数据中 
[2024-07-04 12:55:49] [INFO] [app.py]/[line: 47]/[goto_main] 正在登录 
[2024-07-04 12:58:48] [INFO] [get_data_yaml.py]/[line: 11]/[get_data_yaml] 获取数据中 
[2024-07-04 12:58:50] [INFO] [app.py]/[line: 47]/[goto_main] 正在登录 
[2024-07-04 12:58:50] [INFO] [test_uicatelog.py]/[line: 23]/[test_uicatelog] 开始执行测试case 
[2024-07-04 12:58:50] [INFO] [homepage.py]/[line: 15]/[find_activity_indicators] 查找activity indicators是否存在 
[2024-07-04 12:58:50] [INFO] [activityIndicatorsPage.py]/[line: 24]/[back_to_previous] 返回上一级 
[2024-07-04 13:14:30] [INFO] [get_data_yaml.py]/[line: 11]/[get_data_yaml] 获取数据中 
[2024-07-04 13:14:32] [INFO] [app.py]/[line: 47]/[goto_main] 正在登录 
[2024-07-04 13:14:32] [INFO] [test_uicatelog.py]/[line: 23]/[test_uicatelog] 开始执行测试case 
[2024-07-04 13:14:32] [INFO] [homepage.py]/[line: 15]/[find_activity_indicators] 查找activity indicators是否存在 
[2024-07-04 13:14:33] [INFO] [activityIndicatorsPage.py]/[line: 24]/[back_to_previous] 返回上一级 
[2024-07-04 13:17:01] [INFO] [get_data_yaml.py]/[line: 11]/[get_data_yaml] 获取数据中 
[2024-07-04 13:17:07] [INFO] [app.py]/[line: 47]/[goto_main] 正在登录 
[2024-07-04 13:17:07] [INFO] [test_uicatelog.py]/[line: 23]/[test_uicatelog] 开始执行测试case 
[2024-07-04 13:17:07] [INFO] [homepage.py]/[line: 15]/[find_activity_indicators] 查找activity indicators是否存在 
[2024-07-04 13:20:24] [INFO] [get_data_yaml.py]/[line: 11]/[get_data_yaml] 获取数据中 
[2024-07-04 13:20:26] [INFO] [app.py]/[line: 47]/[goto_main] 正在登录 
[2024-07-04 13:20:26] [INFO] [test_uicatelog.py]/[line: 23]/[test_uicatelog] 开始执行测试case 
[2024-07-04 13:20:26] [INFO] [homepage.py]/[line: 15]/[find_activity_indicators] 查找activity indicators是否存在 
[2024-07-04 13:27:17] [INFO] [get_data_yaml.py]/[line: 11]/[get_data_yaml] 获取数据中 
[2024-07-04 13:27:19] [INFO] [app.py]/[line: 47]/[goto_main] 正在登录 
[2024-07-04 13:28:39] [INFO] [get_data_yaml.py]/[line: 11]/[get_data_yaml] 获取数据中 
[2024-07-04 13:28:41] [INFO] [app.py]/[line: 47]/[goto_main] 正在登录 
[2024-07-04 13:28:41] [INFO] [test_uicatelog.py]/[line: 25]/[test_uicatelog] 开始执行测试case 
[2024-07-04 13:28:41] [INFO] [homepage.py]/[line: 15]/[find_activity_indicators] 查找activity indicators是否存在 
[2024-07-04 13:29:45] [INFO] [get_data_yaml.py]/[line: 11]/[get_data_yaml] 获取数据中 
[2024-07-04 13:29:48] [INFO] [app.py]/[line: 48]/[goto_main] 正在登录 
[2024-07-04 13:29:48] [INFO] [test_uicatelog.py]/[line: 25]/[test_uicatelog] 开始执行测试case 
[2024-07-04 13:29:48] [INFO] [homepage.py]/[line: 15]/[find_activity_indicators] 查找activity indicators是否存在 
[2024-07-04 13:31:05] [INFO] [get_data_yaml.py]/[line: 11]/[get_data_yaml] 获取数据中 
[2024-07-04 13:31:08] [INFO] [app.py]/[line: 48]/[goto_main] 正在登录 
[2024-07-04 13:31:08] [INFO] [test_uicatelog.py]/[line: 25]/[test_uicatelog] 开始执行测试case 
[2024-07-04 13:31:08] [INFO] [homepage.py]/[line: 15]/[find_activity_indicators] 查找activity indicators是否存在 
[2024-07-04 13:32:06] [INFO] [get_data_yaml.py]/[line: 11]/[get_data_yaml] 获取数据中 
[2024-07-04 13:32:08] [INFO] [app.py]/[line: 48]/[goto_main] 正在登录 
[2024-07-04 13:32:08] [INFO] [test_uicatelog.py]/[line: 25]/[test_uicatelog] 开始执行测试case 
[2024-07-04 13:32:08] [INFO] [homepage.py]/[line: 15]/[find_activity_indicators] 查找activity indicators是否存在 
[2024-07-04 13:32:29] [INFO] [get_data_yaml.py]/[line: 11]/[get_data_yaml] 获取数据中 
[2024-07-04 13:32:33] [INFO] [get_data_yaml.py]/[line: 11]/[get_data_yaml] 获取数据中 
[2024-07-04 13:32:35] [INFO] [app.py]/[line: 48]/[goto_main] 正在登录 
[2024-07-04 13:32:35] [INFO] [test_uicatelog.py]/[line: 25]/[test_uicatelog] 开始执行测试case 
[2024-07-04 13:32:35] [INFO] [homepage.py]/[line: 15]/[find_activity_indicators] 查找activity indicators是否存在 
[2024-07-04 13:34:27] [INFO] [get_data_yaml.py]/[line: 11]/[get_data_yaml] 获取数据中 
[2024-07-04 13:34:29] [INFO] [app.py]/[line: 48]/[goto_main] 正在登录 
[2024-07-04 13:34:29] [INFO] [test_uicatelog.py]/[line: 25]/[test_uicatelog] 开始执行测试case 
[2024-07-04 13:34:29] [INFO] [homepage.py]/[line: 15]/[find_activity_indicators] 查找activity indicators是否存在 
[2024-07-04 13:39:05] [INFO] [get_data_yaml.py]/[line: 11]/[get_data_yaml] 获取数据中 
[2024-07-04 13:39:25] [INFO] [get_data_yaml.py]/[line: 11]/[get_data_yaml] 获取数据中 
[2024-07-04 13:39:28] [INFO] [app.py]/[line: 48]/[goto_main] 正在登录 
[2024-07-04 13:40:32] [INFO] [get_data_yaml.py]/[line: 11]/[get_data_yaml] 获取数据中 
[2024-07-04 13:40:34] [INFO] [app.py]/[line: 48]/[goto_main] 正在登录 
[2024-07-04 13:40:34] [INFO] [test_uicatelog.py]/[line: 25]/[test_uicatelog] 开始执行测试case 
[2024-07-04 13:40:34] [INFO] [homepage.py]/[line: 15]/[find_activity_indicators] 查找activity indicators是否存在 
[2024-07-04 13:41:12] [INFO] [get_data_yaml.py]/[line: 11]/[get_data_yaml] 获取数据中 
[2024-07-04 13:41:14] [INFO] [app.py]/[line: 49]/[goto_main] 正在登录 
[2024-07-04 13:41:14] [INFO] [test_uicatelog.py]/[line: 25]/[test_uicatelog] 开始执行测试case 
[2024-07-04 13:41:14] [INFO] [homepage.py]/[line: 15]/[find_activity_indicators] 查找activity indicators是否存在 
[2024-07-04 13:42:52] [INFO] [get_data_yaml.py]/[line: 11]/[get_data_yaml] 获取数据中 
[2024-07-04 13:43:59] [INFO] [get_data_yaml.py]/[line: 11]/[get_data_yaml] 获取数据中 
[2024-07-04 13:44:30] [INFO] [get_data_yaml.py]/[line: 11]/[get_data_yaml] 获取数据中 
[2024-07-04 13:44:32] [INFO] [app.py]/[line: 48]/[goto_main] 正在登录 
[2024-07-04 13:44:32] [INFO] [test_uicatelog.py]/[line: 25]/[test_uicatelog] 开始执行测试case 
[2024-07-04 13:44:32] [INFO] [homepage.py]/[line: 15]/[find_activity_indicators] 查找activity indicators是否存在 
[2024-07-04 13:45:28] [INFO] [get_data_yaml.py]/[line: 11]/[get_data_yaml] 获取数据中 
[2024-07-04 13:45:30] [INFO] [app.py]/[line: 48]/[goto_main] 正在登录 
[2024-07-04 13:49:04] [INFO] [get_data_yaml.py]/[line: 11]/[get_data_yaml] 获取数据中 
[2024-07-04 13:49:06] [INFO] [app.py]/[line: 48]/[goto_main] 正在登录 
[2024-07-04 13:49:06] [INFO] [test_uicatelog.py]/[line: 25]/[test_uicatelog] 开始执行测试case 
[2024-07-04 13:49:06] [INFO] [homepage.py]/[line: 15]/[find_activity_indicators] 查找activity indicators是否存在 
[2024-07-04 13:50:24] [INFO] [get_data_yaml.py]/[line: 11]/[get_data_yaml] 获取数据中 
[2024-07-04 13:50:26] [INFO] [app.py]/[line: 48]/[goto_main] 正在登录 
[2024-07-04 13:50:26] [INFO] [test_uicatelog.py]/[line: 25]/[test_uicatelog] 开始执行测试case 
[2024-07-04 13:50:26] [INFO] [homepage.py]/[line: 15]/[find_activity_indicators] 查找activity indicators是否存在 
[2024-07-04 14:03:59] [INFO] [get_data_yaml.py]/[line: 11]/[get_data_yaml] 获取数据中 
[2024-07-04 14:04:34] [INFO] [app.py]/[line: 48]/[goto_main] 正在登录 
[2024-07-04 14:04:34] [INFO] [test_uicatelog.py]/[line: 25]/[test_uicatelog] 开始执行测试case 
[2024-07-04 14:04:34] [INFO] [homepage.py]/[line: 15]/[find_activity_indicators] 查找activity indicators是否存在 
[2024-07-04 14:05:45] [INFO] [get_data_yaml.py]/[line: 11]/[get_data_yaml] 获取数据中 
[2024-07-04 14:06:41] [INFO] [get_data_yaml.py]/[line: 11]/[get_data_yaml] 获取数据中 
[2024-07-04 14:07:24] [INFO] [get_data_yaml.py]/[line: 11]/[get_data_yaml] 获取数据中 
[2024-07-04 14:10:40] [INFO] [get_data_yaml.py]/[line: 11]/[get_data_yaml] 获取数据中 
[2024-07-04 14:10:50] [INFO] [get_data_yaml.py]/[line: 11]/[get_data_yaml] 获取数据中 
[2024-07-04 14:14:09] [INFO] [get_data_yaml.py]/[line: 11]/[get_data_yaml] 获取数据中 
[2024-07-04 14:17:08] [INFO] [get_data_yaml.py]/[line: 11]/[get_data_yaml] 获取数据中 
[2024-07-04 14:19:01] [INFO] [get_data_yaml.py]/[line: 11]/[get_data_yaml] 获取数据中 
[2024-07-04 14:24:23] [INFO] [get_data_yaml.py]/[line: 11]/[get_data_yaml] 获取数据中 
[2024-07-04 14:24:47] [INFO] [get_data_yaml.py]/[line: 11]/[get_data_yaml] 获取数据中 
[2024-07-04 14:26:37] [INFO] [get_data_yaml.py]/[line: 11]/[get_data_yaml] 获取数据中 
[2024-07-04 14:32:15] [INFO] [get_data_yaml.py]/[line: 11]/[get_data_yaml] 获取数据中 
[2024-07-04 14:34:05] [INFO] [get_data_yaml.py]/[line: 11]/[get_data_yaml] 获取数据中 
[2024-07-04 14:34:37] [INFO] [app.py]/[line: 57]/[goto_main] 正在登录 
[2024-07-04 14:34:37] [INFO] [test_uicatelog.py]/[line: 25]/[test_uicatelog] 开始执行测试case 
[2024-07-04 14:34:37] [INFO] [homepage.py]/[line: 15]/[find_activity_indicators] 查找activity indicators是否存在 
[2024-07-07 22:28:25] [INFO] [get_data_yaml.py]/[line: 11]/[get_data_yaml] 获取数据中 
[2024-07-07 22:29:03] [INFO] [get_data_yaml.py]/[line: 11]/[get_data_yaml] 获取数据中 
[2024-07-07 22:30:31] [INFO] [get_data_yaml.py]/[line: 11]/[get_data_yaml] 获取数据中 
[2024-07-07 22:31:46] [INFO] [get_data_yaml.py]/[line: 11]/[get_data_yaml] 获取数据中 
[2024-07-07 22:33:09] [INFO] [get_data_yaml.py]/[line: 11]/[get_data_yaml] 获取数据中 
[2024-07-07 22:33:19] [INFO] [get_data_yaml.py]/[line: 11]/[get_data_yaml] 获取数据中 
[2024-07-07 22:33:53] [INFO] [app.py]/[line: 57]/[goto_main] 正在登录 
[2024-07-07 22:33:53] [INFO] [test_uicatelog.py]/[line: 25]/[test_uicatelog] 开始执行测试case 
[2024-07-07 22:33:53] [INFO] [homepage.py]/[line: 15]/[find_activity_indicators] 查找activity indicators是否存在 
[2024-07-07 22:35:26] [INFO] [get_data_yaml.py]/[line: 11]/[get_data_yaml] 获取数据中 
[2024-07-07 22:35:28] [INFO] [app.py]/[line: 57]/[goto_main] 正在登录 
[2024-07-07 22:35:28] [INFO] [test_uicatelog.py]/[line: 25]/[test_uicatelog] 开始执行测试case 
[2024-07-07 22:35:28] [INFO] [homepage.py]/[line: 15]/[find_activity_indicators] 查找activity indicators是否存在 
[2024-07-07 22:35:29] [INFO] [activityIndicatorsPage.py]/[line: 24]/[back_to_previous] 返回上一级 
[2024-07-07 22:37:53] [INFO] [get_data_yaml.py]/[line: 11]/[get_data_yaml] 获取数据中 
[2024-07-07 22:37:55] [INFO] [app.py]/[line: 57]/[goto_main] 正在登录 
[2024-07-07 22:38:16] [INFO] [get_data_yaml.py]/[line: 11]/[get_data_yaml] 获取数据中 
[2024-07-07 22:38:18] [INFO] [app.py]/[line: 57]/[goto_main] 正在登录 
[2024-07-07 22:38:18] [INFO] [test_uicatelog.py]/[line: 25]/[test_uicatelog] 开始执行测试case 
[2024-07-07 22:38:18] [INFO] [homepage.py]/[line: 15]/[find_activity_indicators] 查找activity indicators是否存在 
[2024-07-07 22:38:19] [INFO] [activityIndicatorsPage.py]/[line: 24]/[back_to_previous] 返回上一级 
[2024-07-07 22:42:21] [INFO] [get_data_yaml.py]/[line: 11]/[get_data_yaml] 获取数据中 
[2024-07-07 22:42:23] [INFO] [app.py]/[line: 57]/[goto_main] 正在登录 
[2024-07-07 22:42:23] [INFO] [test_uicatelog.py]/[line: 25]/[test_uicatelog] 开始执行测试case 
[2024-07-07 22:42:23] [INFO] [homepage.py]/[line: 15]/[find_activity_indicators] 查找activity indicators是否存在 
[2024-07-07 22:42:23] [INFO] [activityIndicatorsPage.py]/[line: 22]/[back_to_previous] 返回上一级 
